[2024-05-02T23:55:35.079+0000] {taskinstance.py:1125} INFO - Dependencies all met for dep_context=non-requeueable deps ti=<TaskInstance: diabetes_prediction.preprocess_data manual__2024-05-02T23:55:25.562924+00:00 [queued]>
[2024-05-02T23:55:35.108+0000] {taskinstance.py:1125} INFO - Dependencies all met for dep_context=requeueable deps ti=<TaskInstance: diabetes_prediction.preprocess_data manual__2024-05-02T23:55:25.562924+00:00 [queued]>
[2024-05-02T23:55:35.109+0000] {taskinstance.py:1331} INFO - Starting attempt 1 of 2
[2024-05-02T23:55:35.158+0000] {taskinstance.py:1350} INFO - Executing <Task(PythonOperator): preprocess_data> on 2024-05-02 23:55:25.562924+00:00
[2024-05-02T23:55:35.180+0000] {standard_task_runner.py:57} INFO - Started process 1375 to run task
[2024-05-02T23:55:35.190+0000] {standard_task_runner.py:84} INFO - Running: ['***', 'tasks', 'run', 'diabetes_prediction', 'preprocess_data', 'manual__2024-05-02T23:55:25.562924+00:00', '--job-id', '217', '--raw', '--subdir', 'DAGS_FOLDER/dag1.py', '--cfg-path', '/tmp/tmpuz37o3tv']
[2024-05-02T23:55:35.194+0000] {standard_task_runner.py:85} INFO - Job 217: Subtask preprocess_data
[2024-05-02T23:55:35.298+0000] {task_command.py:410} INFO - Running <TaskInstance: diabetes_prediction.preprocess_data manual__2024-05-02T23:55:25.562924+00:00 [running]> on host 9218b8cabb2d
[2024-05-02T23:55:35.494+0000] {taskinstance.py:1570} INFO - Exporting env vars: AIRFLOW_CTX_DAG_OWNER='***' AIRFLOW_CTX_DAG_ID='diabetes_prediction' AIRFLOW_CTX_TASK_ID='preprocess_data' AIRFLOW_CTX_EXECUTION_DATE='2024-05-02T23:55:25.562924+00:00' AIRFLOW_CTX_TRY_NUMBER='1' AIRFLOW_CTX_DAG_RUN_ID='manual__2024-05-02T23:55:25.562924+00:00'
[2024-05-02T23:55:35.892+0000] {logging_mixin.py:149} INFO - 1
[2024-05-02T23:55:35.893+0000] {logging_mixin.py:149} INFO - <class 'pandas.core.frame.DataFrame'>
[2024-05-02T23:55:37.065+0000] {logging_mixin.py:149} INFO -         admission_type_id  ...  readmitted
1                       1  ...           0
2                       1  ...           1
3                       1  ...           1
4                       1  ...           1
5                       2  ...           0
...                   ...  ...         ...
101761                  1  ...           0
101762                  1  ...           1
101763                  1  ...           1
101764                  2  ...           1
101765                  1  ...           1

[98053 rows x 12 columns]
[2024-05-02T23:55:37.371+0000] {python.py:183} INFO - Done. Returned value was: None
[2024-05-02T23:55:37.390+0000] {taskinstance.py:1373} INFO - Marking task as SUCCESS. dag_id=diabetes_prediction, task_id=preprocess_data, execution_date=20240502T235525, start_date=20240502T235535, end_date=20240502T235537
[2024-05-02T23:55:37.461+0000] {local_task_job_runner.py:232} INFO - Task exited with return code 0
[2024-05-02T23:55:37.517+0000] {taskinstance.py:2674} INFO - 1 downstream tasks scheduled from follow-on schedule check
