[2024-05-01T16:32:34.524+0000] {taskinstance.py:1125} INFO - Dependencies all met for dep_context=non-requeueable deps ti=<TaskInstance: diabetes_prediction.train_model manual__2024-05-01T16:32:07.473719+00:00 [queued]>
[2024-05-01T16:32:34.568+0000] {taskinstance.py:1125} INFO - Dependencies all met for dep_context=requeueable deps ti=<TaskInstance: diabetes_prediction.train_model manual__2024-05-01T16:32:07.473719+00:00 [queued]>
[2024-05-01T16:32:34.569+0000] {taskinstance.py:1331} INFO - Starting attempt 1 of 2
[2024-05-01T16:32:34.610+0000] {taskinstance.py:1350} INFO - Executing <Task(PythonOperator): train_model> on 2024-05-01 16:32:07.473719+00:00
[2024-05-01T16:32:34.648+0000] {standard_task_runner.py:57} INFO - Started process 1141 to run task
[2024-05-01T16:32:34.670+0000] {standard_task_runner.py:84} INFO - Running: ['***', 'tasks', 'run', 'diabetes_prediction', 'train_model', 'manual__2024-05-01T16:32:07.473719+00:00', '--job-id', '47', '--raw', '--subdir', 'DAGS_FOLDER/dag1.py', '--cfg-path', '/tmp/tmpsfyunz9i']
[2024-05-01T16:32:34.682+0000] {standard_task_runner.py:85} INFO - Job 47: Subtask train_model
[2024-05-01T16:32:34.842+0000] {task_command.py:410} INFO - Running <TaskInstance: diabetes_prediction.train_model manual__2024-05-01T16:32:07.473719+00:00 [running]> on host c90068845469
[2024-05-01T16:32:35.104+0000] {taskinstance.py:1570} INFO - Exporting env vars: AIRFLOW_CTX_DAG_OWNER='***' AIRFLOW_CTX_DAG_ID='diabetes_prediction' AIRFLOW_CTX_TASK_ID='train_model' AIRFLOW_CTX_EXECUTION_DATE='2024-05-01T16:32:07.473719+00:00' AIRFLOW_CTX_TRY_NUMBER='1' AIRFLOW_CTX_DAG_RUN_ID='manual__2024-05-01T16:32:07.473719+00:00'
[2024-05-01T16:32:35.640+0000] {logging_mixin.py:149} WARNING - 2024/05/01 16:32:35 WARNING mlflow.utils.git_utils: Failed to import Git (the Git executable is probably not on your PATH), so Git SHA is not available. Error: Failed to initialize: Bad git executable.
The git executable must be specified in one of the following ways:
    - be included in your $PATH
    - be set via $GIT_PYTHON_GIT_EXECUTABLE
    - explicitly set via git.refresh(<full-path-to-git-executable>)

All git commands will error until this is rectified.

This initial message can be silenced or aggravated in the future by setting the
$GIT_PYTHON_REFRESH environment variable. Use one of the following values:
    - quiet|q|silence|s|silent|none|n|0: for no message or exception
    - warn|w|warning|log|l|1: for a warning message (logging level CRITICAL, displayed by default)
    - error|e|exception|raise|r|2: for a raised exception

Example:
    export GIT_PYTHON_REFRESH=quiet
[2024-05-01T16:32:40.989+0000] {warnings.py:110} WARNING - /home/***/.local/lib/python3.7/site-packages/sklearn/linear_model/_logistic.py:818: ConvergenceWarning: lbfgs failed to converge (status=1):
STOP: TOTAL NO. of ITERATIONS REACHED LIMIT.

Increase the number of iterations (max_iter) or scale the data as shown in:
    https://scikit-learn.org/stable/modules/preprocessing.html
Please also refer to the documentation for alternative solver options:
    https://scikit-learn.org/stable/modules/linear_model.html#logistic-regression
  extra_warning_msg=_LOGISTIC_SOLVER_CONVERGENCE_MSG,

[2024-05-01T16:32:41.012+0000] {logging_mixin.py:149} INFO - Accuracy: 0.9959206567742593
[2024-05-01T16:32:41.114+0000] {taskinstance.py:1847} ERROR - Task failed with exception
Traceback (most recent call last):
  File "/home/airflow/.local/lib/python3.7/site-packages/airflow/operators/python.py", line 181, in execute
    return_value = self.execute_callable()
  File "/home/airflow/.local/lib/python3.7/site-packages/airflow/operators/python.py", line 198, in execute_callable
    return self.python_callable(*self.op_args, **self.op_kwargs)
  File "/opt/airflow/dags/dag1.py", line 67, in train_model
    mlflow.sklearn.log_model(rf, "LogisticRegression")
NameError: name 'rf' is not defined
[2024-05-01T16:32:41.137+0000] {taskinstance.py:1373} INFO - Marking task as UP_FOR_RETRY. dag_id=diabetes_prediction, task_id=train_model, execution_date=20240501T163207, start_date=20240501T163234, end_date=20240501T163241
[2024-05-01T16:32:41.170+0000] {standard_task_runner.py:109} ERROR - Failed to execute job 47 for task train_model (name 'rf' is not defined; 1141)
[2024-05-01T16:32:41.221+0000] {local_task_job_runner.py:232} INFO - Task exited with return code 1
[2024-05-01T16:32:41.282+0000] {taskinstance.py:2674} INFO - 0 downstream tasks scheduled from follow-on schedule check
