[2024-05-06T03:38:58.298+0000] {taskinstance.py:1125} INFO - Dependencies all met for dep_context=non-requeueable deps ti=<TaskInstance: diabetes_prediction_2.train_model scheduled__2024-05-04T00:00:00+00:00 [queued]>
[2024-05-06T03:38:58.379+0000] {taskinstance.py:1125} INFO - Dependencies all met for dep_context=requeueable deps ti=<TaskInstance: diabetes_prediction_2.train_model scheduled__2024-05-04T00:00:00+00:00 [queued]>
[2024-05-06T03:38:58.384+0000] {taskinstance.py:1331} INFO - Starting attempt 1 of 2
[2024-05-06T03:38:58.558+0000] {taskinstance.py:1350} INFO - Executing <Task(PythonOperator): train_model> on 2024-05-04 00:00:00+00:00
[2024-05-06T03:38:58.635+0000] {standard_task_runner.py:57} INFO - Started process 354 to run task
[2024-05-06T03:38:58.655+0000] {standard_task_runner.py:84} INFO - Running: ['***', 'tasks', 'run', 'diabetes_prediction_2', 'train_model', 'scheduled__2024-05-04T00:00:00+00:00', '--job-id', '277', '--raw', '--subdir', 'DAGS_FOLDER/dag2.py', '--cfg-path', '/tmp/tmpy17e0yrz']
[2024-05-06T03:38:58.656+0000] {standard_task_runner.py:85} INFO - Job 277: Subtask train_model
[2024-05-06T03:38:59.066+0000] {task_command.py:410} INFO - Running <TaskInstance: diabetes_prediction_2.train_model scheduled__2024-05-04T00:00:00+00:00 [running]> on host 18590e1a4d2d
[2024-05-06T03:38:59.759+0000] {taskinstance.py:1570} INFO - Exporting env vars: AIRFLOW_CTX_DAG_OWNER='***' AIRFLOW_CTX_DAG_ID='diabetes_prediction_2' AIRFLOW_CTX_TASK_ID='train_model' AIRFLOW_CTX_EXECUTION_DATE='2024-05-04T00:00:00+00:00' AIRFLOW_CTX_TRY_NUMBER='1' AIRFLOW_CTX_DAG_RUN_ID='scheduled__2024-05-04T00:00:00+00:00'
[2024-05-06T03:39:04.441+0000] {logging_mixin.py:149} WARNING - 2024/05/06 03:39:04 WARNING mlflow.utils.git_utils: Failed to import Git (the Git executable is probably not on your PATH), so Git SHA is not available. Error: Failed to initialize: Bad git executable.
The git executable must be specified in one of the following ways:
    - be included in your $PATH
    - be set via $GIT_PYTHON_GIT_EXECUTABLE
    - explicitly set via git.refresh(<full-path-to-git-executable>)

All git commands will error until this is rectified.

This initial message can be silenced or aggravated in the future by setting the
$GIT_PYTHON_REFRESH environment variable. Use one of the following values:
    - quiet|q|silence|s|silent|none|n|0: for no message or exception
    - warn|w|warning|log|l|1: for a warning message (logging level CRITICAL, displayed by default)
    - error|e|exception|raise|r|2: for a raised exception

Example:
    export GIT_PYTHON_REFRESH=quiet
[2024-05-06T03:57:25.724+0000] {local_task_job_runner.py:299} WARNING - State of this instance has been externally set to failed. Terminating instance.
[2024-05-06T03:57:25.810+0000] {process_utils.py:135} INFO - Sending Signals.SIGTERM to group 354. PIDs of all processes in the group: [354]
[2024-05-06T03:57:25.831+0000] {process_utils.py:86} INFO - Sending the signal Signals.SIGTERM to group 354
[2024-05-06T03:57:26.050+0000] {taskinstance.py:1540} ERROR - Received SIGTERM. Terminating subprocesses.
[2024-05-06T03:58:25.866+0000] {process_utils.py:149} WARNING - process psutil.Process(pid=354, name='airflow task ru', status='running', started='03:38:58') did not respond to SIGTERM. Trying SIGKILL
[2024-05-06T03:58:25.881+0000] {process_utils.py:86} INFO - Sending the signal Signals.SIGKILL to group 354
[2024-05-06T03:58:26.057+0000] {process_utils.py:79} INFO - Process psutil.Process(pid=354, name='airflow task ru', status='terminated', exitcode=<Negsignal.SIGKILL: -9>, started='03:38:58') (354) terminated with exit code Negsignal.SIGKILL
[2024-05-06T03:58:26.058+0000] {standard_task_runner.py:174} ERROR - Job 277 was killed before it finished (likely due to running out of memory)
