[2024-05-01T16:28:06.668+0000] {taskinstance.py:1125} INFO - Dependencies all met for dep_context=non-requeueable deps ti=<TaskInstance: diabetes_prediction.preprocess_data manual__2024-05-01T16:27:46.554638+00:00 [queued]>
[2024-05-01T16:28:06.709+0000] {taskinstance.py:1125} INFO - Dependencies all met for dep_context=requeueable deps ti=<TaskInstance: diabetes_prediction.preprocess_data manual__2024-05-01T16:27:46.554638+00:00 [queued]>
[2024-05-01T16:28:06.710+0000] {taskinstance.py:1331} INFO - Starting attempt 1 of 2
[2024-05-01T16:28:06.763+0000] {taskinstance.py:1350} INFO - Executing <Task(PythonOperator): preprocess_data> on 2024-05-01 16:27:46.554638+00:00
[2024-05-01T16:28:06.783+0000] {standard_task_runner.py:57} INFO - Started process 1009 to run task
[2024-05-01T16:28:06.791+0000] {standard_task_runner.py:84} INFO - Running: ['***', 'tasks', 'run', 'diabetes_prediction', 'preprocess_data', 'manual__2024-05-01T16:27:46.554638+00:00', '--job-id', '41', '--raw', '--subdir', 'DAGS_FOLDER/dag1.py', '--cfg-path', '/tmp/tmpshdfsuqv']
[2024-05-01T16:28:06.796+0000] {standard_task_runner.py:85} INFO - Job 41: Subtask preprocess_data
[2024-05-01T16:28:06.964+0000] {task_command.py:410} INFO - Running <TaskInstance: diabetes_prediction.preprocess_data manual__2024-05-01T16:27:46.554638+00:00 [running]> on host c90068845469
[2024-05-01T16:28:07.263+0000] {taskinstance.py:1570} INFO - Exporting env vars: AIRFLOW_CTX_DAG_OWNER='***' AIRFLOW_CTX_DAG_ID='diabetes_prediction' AIRFLOW_CTX_TASK_ID='preprocess_data' AIRFLOW_CTX_EXECUTION_DATE='2024-05-01T16:27:46.554638+00:00' AIRFLOW_CTX_TRY_NUMBER='1' AIRFLOW_CTX_DAG_RUN_ID='manual__2024-05-01T16:27:46.554638+00:00'
[2024-05-01T16:28:07.910+0000] {logging_mixin.py:149} INFO - 1
[2024-05-01T16:28:07.911+0000] {logging_mixin.py:149} INFO - <class 'pandas.core.frame.DataFrame'>
[2024-05-01T16:28:08.931+0000] {taskinstance.py:1847} ERROR - Task failed with exception
Traceback (most recent call last):
  File "/home/airflow/.local/lib/python3.7/site-packages/airflow/operators/python.py", line 181, in execute
    return_value = self.execute_callable()
  File "/home/airflow/.local/lib/python3.7/site-packages/airflow/operators/python.py", line 198, in execute_callable
    return self.python_callable(*self.op_args, **self.op_kwargs)
  File "/opt/airflow/dags/dag1.py", line 42, in preprocess_data
    y2.to_csv("/opt/airflow/data/y2.csv", index=False)
NameError: name 'y2' is not defined
[2024-05-01T16:28:08.973+0000] {taskinstance.py:1373} INFO - Marking task as UP_FOR_RETRY. dag_id=diabetes_prediction, task_id=preprocess_data, execution_date=20240501T162746, start_date=20240501T162806, end_date=20240501T162808
[2024-05-01T16:28:09.030+0000] {standard_task_runner.py:109} ERROR - Failed to execute job 41 for task preprocess_data (name 'y2' is not defined; 1009)
[2024-05-01T16:28:09.107+0000] {local_task_job_runner.py:232} INFO - Task exited with return code 1
[2024-05-01T16:28:09.210+0000] {taskinstance.py:2674} INFO - 0 downstream tasks scheduled from follow-on schedule check
