[2024-05-02T22:05:02.363+0000] {taskinstance.py:1125} INFO - Dependencies all met for dep_context=non-requeueable deps ti=<TaskInstance: diabetes_prediction.preprocess_data manual__2024-05-02T22:04:50.560074+00:00 [queued]>
[2024-05-02T22:05:02.401+0000] {taskinstance.py:1125} INFO - Dependencies all met for dep_context=requeueable deps ti=<TaskInstance: diabetes_prediction.preprocess_data manual__2024-05-02T22:04:50.560074+00:00 [queued]>
[2024-05-02T22:05:02.402+0000] {taskinstance.py:1331} INFO - Starting attempt 1 of 2
[2024-05-02T22:05:02.453+0000] {taskinstance.py:1350} INFO - Executing <Task(PythonOperator): preprocess_data> on 2024-05-02 22:04:50.560074+00:00
[2024-05-02T22:05:02.474+0000] {standard_task_runner.py:57} INFO - Started process 848 to run task
[2024-05-02T22:05:02.494+0000] {standard_task_runner.py:84} INFO - Running: ['***', 'tasks', 'run', 'diabetes_prediction', 'preprocess_data', 'manual__2024-05-02T22:04:50.560074+00:00', '--job-id', '196', '--raw', '--subdir', 'DAGS_FOLDER/dag1.py', '--cfg-path', '/tmp/tmp_p4xnli7']
[2024-05-02T22:05:02.500+0000] {standard_task_runner.py:85} INFO - Job 196: Subtask preprocess_data
[2024-05-02T22:05:02.658+0000] {task_command.py:410} INFO - Running <TaskInstance: diabetes_prediction.preprocess_data manual__2024-05-02T22:04:50.560074+00:00 [running]> on host fa690707662c
[2024-05-02T22:05:02.924+0000] {taskinstance.py:1570} INFO - Exporting env vars: AIRFLOW_CTX_DAG_OWNER='***' AIRFLOW_CTX_DAG_ID='diabetes_prediction' AIRFLOW_CTX_TASK_ID='preprocess_data' AIRFLOW_CTX_EXECUTION_DATE='2024-05-02T22:04:50.560074+00:00' AIRFLOW_CTX_TRY_NUMBER='1' AIRFLOW_CTX_DAG_RUN_ID='manual__2024-05-02T22:04:50.560074+00:00'
[2024-05-02T22:05:03.515+0000] {logging_mixin.py:149} INFO - 1
[2024-05-02T22:05:03.516+0000] {logging_mixin.py:149} INFO - <class 'pandas.core.frame.DataFrame'>
[2024-05-02T22:05:05.014+0000] {logging_mixin.py:149} INFO -         admission_type_id  ...  readmitted
1                       1  ...           0
2                       1  ...           1
3                       1  ...           1
4                       1  ...           1
5                       2  ...           0
...                   ...  ...         ...
101761                  1  ...           0
101762                  1  ...           1
101763                  1  ...           1
101764                  2  ...           1
101765                  1  ...           1

[98053 rows x 12 columns]
[2024-05-02T22:05:05.490+0000] {python.py:183} INFO - Done. Returned value was: None
[2024-05-02T22:05:05.525+0000] {taskinstance.py:1373} INFO - Marking task as SUCCESS. dag_id=diabetes_prediction, task_id=preprocess_data, execution_date=20240502T220450, start_date=20240502T220502, end_date=20240502T220505
[2024-05-02T22:05:05.656+0000] {local_task_job_runner.py:232} INFO - Task exited with return code 0
[2024-05-02T22:05:05.772+0000] {taskinstance.py:2674} INFO - 1 downstream tasks scheduled from follow-on schedule check
