[2024-05-01T15:27:38.982+0000] {processor.py:156} INFO - Started process (PID=1336) to work on /opt/airflow/dags/dag2.py
[2024-05-01T15:27:38.988+0000] {processor.py:799} INFO - Processing file /opt/airflow/dags/dag2.py for tasks to queue
[2024-05-01T15:27:38.989+0000] {logging_mixin.py:149} INFO - [2024-05-01T15:27:38.989+0000] {dagbag.py:541} INFO - Filling up the DagBag from /opt/airflow/dags/dag2.py
[2024-05-01T15:27:42.449+0000] {processor.py:809} INFO - DAG(s) dict_keys(['json_to_dataframe_and_train_model']) retrieved from /opt/airflow/dags/dag2.py
[2024-05-01T15:27:42.808+0000] {logging_mixin.py:149} INFO - [2024-05-01T15:27:42.808+0000] {manager.py:504} INFO - Created Permission View: can read on DAG:json_to_dataframe_and_train_model
[2024-05-01T15:27:42.855+0000] {logging_mixin.py:149} INFO - [2024-05-01T15:27:42.854+0000] {manager.py:504} INFO - Created Permission View: can edit on DAG:json_to_dataframe_and_train_model
[2024-05-01T15:27:42.881+0000] {logging_mixin.py:149} INFO - [2024-05-01T15:27:42.881+0000] {manager.py:504} INFO - Created Permission View: can delete on DAG:json_to_dataframe_and_train_model
[2024-05-01T15:27:42.883+0000] {logging_mixin.py:149} INFO - [2024-05-01T15:27:42.882+0000] {dag.py:2726} INFO - Sync 1 DAGs
[2024-05-01T15:27:42.911+0000] {logging_mixin.py:149} INFO - [2024-05-01T15:27:42.909+0000] {dag.py:2747} INFO - Creating ORM DAG for json_to_dataframe_and_train_model
[2024-05-01T15:27:42.934+0000] {logging_mixin.py:149} INFO - [2024-05-01T15:27:42.934+0000] {dag.py:3490} INFO - Setting next_dagrun for json_to_dataframe_and_train_model to 2024-04-06T00:00:00+00:00, run_after=2024-04-07T00:00:00+00:00
[2024-05-01T15:27:42.984+0000] {processor.py:178} INFO - Processing /opt/airflow/dags/dag2.py took 4.015 seconds
[2024-05-01T15:30:06.967+0000] {processor.py:156} INFO - Started process (PID=63) to work on /opt/airflow/dags/dag2.py
[2024-05-01T15:30:06.969+0000] {processor.py:799} INFO - Processing file /opt/airflow/dags/dag2.py for tasks to queue
[2024-05-01T15:30:07.070+0000] {logging_mixin.py:149} INFO - [2024-05-01T15:30:07.038+0000] {dagbag.py:541} INFO - Filling up the DagBag from /opt/airflow/dags/dag2.py
[2024-05-01T15:30:18.872+0000] {processor.py:809} INFO - DAG(s) dict_keys(['json_to_dataframe_and_train_model']) retrieved from /opt/airflow/dags/dag2.py
[2024-05-01T15:30:19.144+0000] {logging_mixin.py:149} INFO - [2024-05-01T15:30:19.143+0000] {dag.py:2726} INFO - Sync 1 DAGs
[2024-05-01T15:30:19.243+0000] {logging_mixin.py:149} INFO - [2024-05-01T15:30:19.237+0000] {dag.py:3490} INFO - Setting next_dagrun for json_to_dataframe_and_train_model to 2024-04-06T00:00:00+00:00, run_after=2024-04-07T00:00:00+00:00
[2024-05-01T15:30:19.358+0000] {processor.py:178} INFO - Processing /opt/airflow/dags/dag2.py took 12.400 seconds
[2024-05-01T15:30:49.603+0000] {processor.py:156} INFO - Started process (PID=85) to work on /opt/airflow/dags/dag2.py
[2024-05-01T15:30:49.606+0000] {processor.py:799} INFO - Processing file /opt/airflow/dags/dag2.py for tasks to queue
[2024-05-01T15:30:49.608+0000] {logging_mixin.py:149} INFO - [2024-05-01T15:30:49.607+0000] {dagbag.py:541} INFO - Filling up the DagBag from /opt/airflow/dags/dag2.py
[2024-05-01T15:30:52.669+0000] {processor.py:809} INFO - DAG(s) dict_keys(['json_to_dataframe_and_train_model']) retrieved from /opt/airflow/dags/dag2.py
[2024-05-01T15:30:52.728+0000] {logging_mixin.py:149} INFO - [2024-05-01T15:30:52.727+0000] {dag.py:2726} INFO - Sync 1 DAGs
[2024-05-01T15:30:52.801+0000] {logging_mixin.py:149} INFO - [2024-05-01T15:30:52.800+0000] {dag.py:3490} INFO - Setting next_dagrun for json_to_dataframe_and_train_model to 2024-04-06T00:00:00+00:00, run_after=2024-04-07T00:00:00+00:00
[2024-05-01T15:30:52.878+0000] {processor.py:178} INFO - Processing /opt/airflow/dags/dag2.py took 3.284 seconds
[2024-05-01T15:31:23.122+0000] {processor.py:156} INFO - Started process (PID=108) to work on /opt/airflow/dags/dag2.py
[2024-05-01T15:31:23.125+0000] {processor.py:799} INFO - Processing file /opt/airflow/dags/dag2.py for tasks to queue
[2024-05-01T15:31:23.126+0000] {logging_mixin.py:149} INFO - [2024-05-01T15:31:23.126+0000] {dagbag.py:541} INFO - Filling up the DagBag from /opt/airflow/dags/dag2.py
[2024-05-01T15:31:25.619+0000] {processor.py:809} INFO - DAG(s) dict_keys(['json_to_dataframe_and_train_model']) retrieved from /opt/airflow/dags/dag2.py
[2024-05-01T15:31:25.685+0000] {logging_mixin.py:149} INFO - [2024-05-01T15:31:25.684+0000] {dag.py:2726} INFO - Sync 1 DAGs
[2024-05-01T15:31:25.737+0000] {logging_mixin.py:149} INFO - [2024-05-01T15:31:25.736+0000] {dag.py:3490} INFO - Setting next_dagrun for json_to_dataframe_and_train_model to 2024-04-06T00:00:00+00:00, run_after=2024-04-07T00:00:00+00:00
[2024-05-01T15:31:25.783+0000] {processor.py:178} INFO - Processing /opt/airflow/dags/dag2.py took 2.670 seconds
[2024-05-01T15:31:55.878+0000] {processor.py:156} INFO - Started process (PID=124) to work on /opt/airflow/dags/dag2.py
[2024-05-01T15:31:55.882+0000] {processor.py:799} INFO - Processing file /opt/airflow/dags/dag2.py for tasks to queue
[2024-05-01T15:31:55.884+0000] {logging_mixin.py:149} INFO - [2024-05-01T15:31:55.883+0000] {dagbag.py:541} INFO - Filling up the DagBag from /opt/airflow/dags/dag2.py
[2024-05-01T15:31:59.140+0000] {processor.py:809} INFO - DAG(s) dict_keys(['json_to_dataframe_and_train_model']) retrieved from /opt/airflow/dags/dag2.py
[2024-05-01T15:31:59.231+0000] {logging_mixin.py:149} INFO - [2024-05-01T15:31:59.230+0000] {dag.py:2726} INFO - Sync 1 DAGs
[2024-05-01T15:31:59.299+0000] {logging_mixin.py:149} INFO - [2024-05-01T15:31:59.299+0000] {dag.py:3490} INFO - Setting next_dagrun for json_to_dataframe_and_train_model to 2024-04-06T00:00:00+00:00, run_after=2024-04-07T00:00:00+00:00
[2024-05-01T15:31:59.391+0000] {processor.py:178} INFO - Processing /opt/airflow/dags/dag2.py took 3.522 seconds
[2024-05-01T15:32:29.639+0000] {processor.py:156} INFO - Started process (PID=142) to work on /opt/airflow/dags/dag2.py
[2024-05-01T15:32:29.642+0000] {processor.py:799} INFO - Processing file /opt/airflow/dags/dag2.py for tasks to queue
[2024-05-01T15:32:29.644+0000] {logging_mixin.py:149} INFO - [2024-05-01T15:32:29.643+0000] {dagbag.py:541} INFO - Filling up the DagBag from /opt/airflow/dags/dag2.py
[2024-05-01T15:32:32.807+0000] {processor.py:809} INFO - DAG(s) dict_keys(['json_to_dataframe_and_train_model']) retrieved from /opt/airflow/dags/dag2.py
[2024-05-01T15:32:32.882+0000] {logging_mixin.py:149} INFO - [2024-05-01T15:32:32.881+0000] {dag.py:2726} INFO - Sync 1 DAGs
[2024-05-01T15:32:32.967+0000] {logging_mixin.py:149} INFO - [2024-05-01T15:32:32.966+0000] {dag.py:3490} INFO - Setting next_dagrun for json_to_dataframe_and_train_model to 2024-04-06T00:00:00+00:00, run_after=2024-04-07T00:00:00+00:00
[2024-05-01T15:32:33.066+0000] {processor.py:178} INFO - Processing /opt/airflow/dags/dag2.py took 3.438 seconds
[2024-05-01T15:33:03.370+0000] {processor.py:156} INFO - Started process (PID=158) to work on /opt/airflow/dags/dag2.py
[2024-05-01T15:33:03.389+0000] {processor.py:799} INFO - Processing file /opt/airflow/dags/dag2.py for tasks to queue
[2024-05-01T15:33:03.391+0000] {logging_mixin.py:149} INFO - [2024-05-01T15:33:03.390+0000] {dagbag.py:541} INFO - Filling up the DagBag from /opt/airflow/dags/dag2.py
[2024-05-01T15:33:06.748+0000] {processor.py:809} INFO - DAG(s) dict_keys(['json_to_dataframe_and_train_model']) retrieved from /opt/airflow/dags/dag2.py
[2024-05-01T15:33:06.853+0000] {logging_mixin.py:149} INFO - [2024-05-01T15:33:06.852+0000] {dag.py:2726} INFO - Sync 1 DAGs
[2024-05-01T15:33:06.942+0000] {logging_mixin.py:149} INFO - [2024-05-01T15:33:06.941+0000] {dag.py:3490} INFO - Setting next_dagrun for json_to_dataframe_and_train_model to 2024-04-06T00:00:00+00:00, run_after=2024-04-07T00:00:00+00:00
[2024-05-01T15:33:07.031+0000] {processor.py:178} INFO - Processing /opt/airflow/dags/dag2.py took 3.669 seconds
[2024-05-01T15:33:37.447+0000] {processor.py:156} INFO - Started process (PID=175) to work on /opt/airflow/dags/dag2.py
[2024-05-01T15:33:37.456+0000] {processor.py:799} INFO - Processing file /opt/airflow/dags/dag2.py for tasks to queue
[2024-05-01T15:33:37.458+0000] {logging_mixin.py:149} INFO - [2024-05-01T15:33:37.458+0000] {dagbag.py:541} INFO - Filling up the DagBag from /opt/airflow/dags/dag2.py
[2024-05-01T15:33:40.275+0000] {processor.py:809} INFO - DAG(s) dict_keys(['json_to_dataframe_and_train_model']) retrieved from /opt/airflow/dags/dag2.py
[2024-05-01T15:33:40.362+0000] {logging_mixin.py:149} INFO - [2024-05-01T15:33:40.361+0000] {dag.py:2726} INFO - Sync 1 DAGs
[2024-05-01T15:33:40.429+0000] {logging_mixin.py:149} INFO - [2024-05-01T15:33:40.428+0000] {dag.py:3490} INFO - Setting next_dagrun for json_to_dataframe_and_train_model to 2024-04-06T00:00:00+00:00, run_after=2024-04-07T00:00:00+00:00
[2024-05-01T15:33:40.497+0000] {processor.py:178} INFO - Processing /opt/airflow/dags/dag2.py took 3.059 seconds
[2024-05-01T15:34:10.880+0000] {processor.py:156} INFO - Started process (PID=192) to work on /opt/airflow/dags/dag2.py
[2024-05-01T15:34:10.892+0000] {processor.py:799} INFO - Processing file /opt/airflow/dags/dag2.py for tasks to queue
[2024-05-01T15:34:10.894+0000] {logging_mixin.py:149} INFO - [2024-05-01T15:34:10.894+0000] {dagbag.py:541} INFO - Filling up the DagBag from /opt/airflow/dags/dag2.py
[2024-05-01T15:34:13.604+0000] {processor.py:809} INFO - DAG(s) dict_keys(['json_to_dataframe_and_train_model']) retrieved from /opt/airflow/dags/dag2.py
[2024-05-01T15:34:13.697+0000] {logging_mixin.py:149} INFO - [2024-05-01T15:34:13.696+0000] {dag.py:2726} INFO - Sync 1 DAGs
[2024-05-01T15:34:13.777+0000] {logging_mixin.py:149} INFO - [2024-05-01T15:34:13.777+0000] {dag.py:3490} INFO - Setting next_dagrun for json_to_dataframe_and_train_model to 2024-04-06T00:00:00+00:00, run_after=2024-04-07T00:00:00+00:00
[2024-05-01T15:34:13.826+0000] {processor.py:178} INFO - Processing /opt/airflow/dags/dag2.py took 2.959 seconds
[2024-05-01T15:34:44.148+0000] {processor.py:156} INFO - Started process (PID=209) to work on /opt/airflow/dags/dag2.py
[2024-05-01T15:34:44.151+0000] {processor.py:799} INFO - Processing file /opt/airflow/dags/dag2.py for tasks to queue
[2024-05-01T15:34:44.152+0000] {logging_mixin.py:149} INFO - [2024-05-01T15:34:44.152+0000] {dagbag.py:541} INFO - Filling up the DagBag from /opt/airflow/dags/dag2.py
[2024-05-01T15:34:46.995+0000] {processor.py:809} INFO - DAG(s) dict_keys(['json_to_dataframe_and_train_model']) retrieved from /opt/airflow/dags/dag2.py
[2024-05-01T15:34:47.065+0000] {logging_mixin.py:149} INFO - [2024-05-01T15:34:47.064+0000] {dag.py:2726} INFO - Sync 1 DAGs
[2024-05-01T15:34:47.136+0000] {logging_mixin.py:149} INFO - [2024-05-01T15:34:47.136+0000] {dag.py:3490} INFO - Setting next_dagrun for json_to_dataframe_and_train_model to 2024-04-06T00:00:00+00:00, run_after=2024-04-07T00:00:00+00:00
[2024-05-01T15:34:47.211+0000] {processor.py:178} INFO - Processing /opt/airflow/dags/dag2.py took 3.072 seconds
[2024-05-01T15:35:17.659+0000] {processor.py:156} INFO - Started process (PID=225) to work on /opt/airflow/dags/dag2.py
[2024-05-01T15:35:17.664+0000] {processor.py:799} INFO - Processing file /opt/airflow/dags/dag2.py for tasks to queue
[2024-05-01T15:35:17.669+0000] {logging_mixin.py:149} INFO - [2024-05-01T15:35:17.669+0000] {dagbag.py:541} INFO - Filling up the DagBag from /opt/airflow/dags/dag2.py
[2024-05-01T15:35:21.919+0000] {processor.py:809} INFO - DAG(s) dict_keys(['json_to_dataframe_and_train_model']) retrieved from /opt/airflow/dags/dag2.py
[2024-05-01T15:35:22.010+0000] {logging_mixin.py:149} INFO - [2024-05-01T15:35:22.006+0000] {dag.py:2726} INFO - Sync 1 DAGs
[2024-05-01T15:35:22.076+0000] {logging_mixin.py:149} INFO - [2024-05-01T15:35:22.076+0000] {dag.py:3490} INFO - Setting next_dagrun for json_to_dataframe_and_train_model to 2024-04-06T00:00:00+00:00, run_after=2024-04-07T00:00:00+00:00
[2024-05-01T15:35:22.119+0000] {processor.py:178} INFO - Processing /opt/airflow/dags/dag2.py took 4.491 seconds
[2024-05-01T15:42:54.387+0000] {processor.py:156} INFO - Started process (PID=42) to work on /opt/airflow/dags/dag2.py
[2024-05-01T15:42:54.398+0000] {processor.py:799} INFO - Processing file /opt/airflow/dags/dag2.py for tasks to queue
[2024-05-01T15:42:54.400+0000] {logging_mixin.py:149} INFO - [2024-05-01T15:42:54.399+0000] {dagbag.py:541} INFO - Filling up the DagBag from /opt/airflow/dags/dag2.py
[2024-05-01T15:42:59.154+0000] {processor.py:809} INFO - DAG(s) dict_keys(['json_to_dataframe_and_train_model']) retrieved from /opt/airflow/dags/dag2.py
[2024-05-01T15:42:59.429+0000] {logging_mixin.py:149} INFO - [2024-05-01T15:42:59.428+0000] {dag.py:2726} INFO - Sync 1 DAGs
[2024-05-01T15:42:59.560+0000] {logging_mixin.py:149} INFO - [2024-05-01T15:42:59.560+0000] {dag.py:3490} INFO - Setting next_dagrun for json_to_dataframe_and_train_model to 2024-04-06T00:00:00+00:00, run_after=2024-04-07T00:00:00+00:00
[2024-05-01T15:42:59.638+0000] {processor.py:178} INFO - Processing /opt/airflow/dags/dag2.py took 5.273 seconds
[2024-05-01T15:43:30.245+0000] {processor.py:156} INFO - Started process (PID=63) to work on /opt/airflow/dags/dag2.py
[2024-05-01T15:43:30.247+0000] {processor.py:799} INFO - Processing file /opt/airflow/dags/dag2.py for tasks to queue
[2024-05-01T15:43:30.249+0000] {logging_mixin.py:149} INFO - [2024-05-01T15:43:30.248+0000] {dagbag.py:541} INFO - Filling up the DagBag from /opt/airflow/dags/dag2.py
[2024-05-01T15:43:39.012+0000] {processor.py:809} INFO - DAG(s) dict_keys(['json_to_dataframe_and_train_model']) retrieved from /opt/airflow/dags/dag2.py
[2024-05-01T15:43:39.198+0000] {logging_mixin.py:149} INFO - [2024-05-01T15:43:39.194+0000] {dag.py:2726} INFO - Sync 1 DAGs
[2024-05-01T15:43:39.422+0000] {processor.py:178} INFO - Processing /opt/airflow/dags/dag2.py took 9.187 seconds
[2024-05-01T15:44:09.796+0000] {processor.py:156} INFO - Started process (PID=80) to work on /opt/airflow/dags/dag2.py
[2024-05-01T15:44:09.799+0000] {processor.py:799} INFO - Processing file /opt/airflow/dags/dag2.py for tasks to queue
[2024-05-01T15:44:09.801+0000] {logging_mixin.py:149} INFO - [2024-05-01T15:44:09.800+0000] {dagbag.py:541} INFO - Filling up the DagBag from /opt/airflow/dags/dag2.py
[2024-05-01T15:44:13.592+0000] {processor.py:809} INFO - DAG(s) dict_keys(['json_to_dataframe_and_train_model']) retrieved from /opt/airflow/dags/dag2.py
[2024-05-01T15:44:13.694+0000] {logging_mixin.py:149} INFO - [2024-05-01T15:44:13.693+0000] {dag.py:2726} INFO - Sync 1 DAGs
[2024-05-01T15:44:13.866+0000] {processor.py:178} INFO - Processing /opt/airflow/dags/dag2.py took 4.084 seconds
[2024-05-01T15:44:44.216+0000] {processor.py:156} INFO - Started process (PID=96) to work on /opt/airflow/dags/dag2.py
[2024-05-01T15:44:44.218+0000] {processor.py:799} INFO - Processing file /opt/airflow/dags/dag2.py for tasks to queue
[2024-05-01T15:44:44.220+0000] {logging_mixin.py:149} INFO - [2024-05-01T15:44:44.220+0000] {dagbag.py:541} INFO - Filling up the DagBag from /opt/airflow/dags/dag2.py
[2024-05-01T15:44:47.360+0000] {processor.py:809} INFO - DAG(s) dict_keys(['json_to_dataframe_and_train_model']) retrieved from /opt/airflow/dags/dag2.py
[2024-05-01T15:44:47.412+0000] {logging_mixin.py:149} INFO - [2024-05-01T15:44:47.411+0000] {dag.py:2726} INFO - Sync 1 DAGs
[2024-05-01T15:44:47.567+0000] {processor.py:178} INFO - Processing /opt/airflow/dags/dag2.py took 3.359 seconds
[2024-05-01T15:45:18.053+0000] {processor.py:156} INFO - Started process (PID=113) to work on /opt/airflow/dags/dag2.py
[2024-05-01T15:45:18.055+0000] {processor.py:799} INFO - Processing file /opt/airflow/dags/dag2.py for tasks to queue
[2024-05-01T15:45:18.058+0000] {logging_mixin.py:149} INFO - [2024-05-01T15:45:18.057+0000] {dagbag.py:541} INFO - Filling up the DagBag from /opt/airflow/dags/dag2.py
[2024-05-01T15:45:21.485+0000] {processor.py:809} INFO - DAG(s) dict_keys(['json_to_dataframe_and_train_model']) retrieved from /opt/airflow/dags/dag2.py
[2024-05-01T15:45:21.554+0000] {logging_mixin.py:149} INFO - [2024-05-01T15:45:21.553+0000] {dag.py:2726} INFO - Sync 1 DAGs
[2024-05-01T15:45:21.657+0000] {processor.py:178} INFO - Processing /opt/airflow/dags/dag2.py took 3.628 seconds
[2024-05-01T15:45:51.992+0000] {processor.py:156} INFO - Started process (PID=130) to work on /opt/airflow/dags/dag2.py
[2024-05-01T15:45:51.994+0000] {processor.py:799} INFO - Processing file /opt/airflow/dags/dag2.py for tasks to queue
[2024-05-01T15:45:51.996+0000] {logging_mixin.py:149} INFO - [2024-05-01T15:45:51.995+0000] {dagbag.py:541} INFO - Filling up the DagBag from /opt/airflow/dags/dag2.py
[2024-05-01T15:45:54.803+0000] {processor.py:809} INFO - DAG(s) dict_keys(['json_to_dataframe_and_train_model']) retrieved from /opt/airflow/dags/dag2.py
[2024-05-01T15:45:54.850+0000] {logging_mixin.py:149} INFO - [2024-05-01T15:45:54.849+0000] {dag.py:2726} INFO - Sync 1 DAGs
[2024-05-01T15:45:54.938+0000] {processor.py:178} INFO - Processing /opt/airflow/dags/dag2.py took 2.952 seconds
[2024-05-01T15:46:25.087+0000] {processor.py:156} INFO - Started process (PID=152) to work on /opt/airflow/dags/dag2.py
[2024-05-01T15:46:25.090+0000] {processor.py:799} INFO - Processing file /opt/airflow/dags/dag2.py for tasks to queue
[2024-05-01T15:46:25.092+0000] {logging_mixin.py:149} INFO - [2024-05-01T15:46:25.091+0000] {dagbag.py:541} INFO - Filling up the DagBag from /opt/airflow/dags/dag2.py
[2024-05-01T15:46:28.042+0000] {processor.py:809} INFO - DAG(s) dict_keys(['json_to_dataframe_and_train_model']) retrieved from /opt/airflow/dags/dag2.py
[2024-05-01T15:46:28.091+0000] {logging_mixin.py:149} INFO - [2024-05-01T15:46:28.091+0000] {dag.py:2726} INFO - Sync 1 DAGs
[2024-05-01T15:46:28.202+0000] {processor.py:178} INFO - Processing /opt/airflow/dags/dag2.py took 3.128 seconds
[2024-05-01T15:46:58.510+0000] {processor.py:156} INFO - Started process (PID=169) to work on /opt/airflow/dags/dag2.py
[2024-05-01T15:46:58.513+0000] {processor.py:799} INFO - Processing file /opt/airflow/dags/dag2.py for tasks to queue
[2024-05-01T15:46:58.515+0000] {logging_mixin.py:149} INFO - [2024-05-01T15:46:58.515+0000] {dagbag.py:541} INFO - Filling up the DagBag from /opt/airflow/dags/dag2.py
[2024-05-01T15:47:00.989+0000] {processor.py:809} INFO - DAG(s) dict_keys(['json_to_dataframe_and_train_model']) retrieved from /opt/airflow/dags/dag2.py
[2024-05-01T15:47:01.060+0000] {logging_mixin.py:149} INFO - [2024-05-01T15:47:01.058+0000] {dag.py:2726} INFO - Sync 1 DAGs
[2024-05-01T15:47:01.160+0000] {processor.py:178} INFO - Processing /opt/airflow/dags/dag2.py took 2.658 seconds
[2024-05-01T15:47:31.524+0000] {processor.py:156} INFO - Started process (PID=186) to work on /opt/airflow/dags/dag2.py
[2024-05-01T15:47:31.526+0000] {processor.py:799} INFO - Processing file /opt/airflow/dags/dag2.py for tasks to queue
[2024-05-01T15:47:31.527+0000] {logging_mixin.py:149} INFO - [2024-05-01T15:47:31.527+0000] {dagbag.py:541} INFO - Filling up the DagBag from /opt/airflow/dags/dag2.py
[2024-05-01T15:47:33.431+0000] {processor.py:809} INFO - DAG(s) dict_keys(['json_to_dataframe_and_train_model']) retrieved from /opt/airflow/dags/dag2.py
[2024-05-01T15:47:33.490+0000] {logging_mixin.py:149} INFO - [2024-05-01T15:47:33.488+0000] {dag.py:2726} INFO - Sync 1 DAGs
[2024-05-01T15:47:33.596+0000] {processor.py:178} INFO - Processing /opt/airflow/dags/dag2.py took 2.078 seconds
